Arguments: 
  C:\Program Files\nodejs\node.exe C:\Users\User\AppData\Roaming\npm\node_modules\yarn\bin\yarn.js init

PATH: 
  C:\Program Files (x86)\VMware\VMware Player\bin\;C:\Program Files (x86)\Common Files\Oracle\Java\javapath;t:\program files (x86)\imagemagick-6.2.7-q16;T:\Program Files (x86)\ImageMagick-7.0.8-Q16;C:\Windows\system32;C:\Windows;C:\Windows\System32\Wbem;C:\Windows\System32\WindowsPowerShell\v1.0\;C:\Windows\System32\OpenSSH\;C:\Program Files\Intel\WiFi\bin\;C:\Program Files\Common Files\Intel\WirelessCommon\;C:\Program Files (x86)\NVIDIA Corporation\PhysX\Common;C:\Program Files\NVIDIA Corporation\NVIDIA NvDLISR;T:\Program Files (x86)\nodejs\;T:\Program Files (x86)\TortoiseGit\bin;C:\Program Files\Java\jdk-13.0.1\bin;T:\flutter\bin;C:\Users\User\AppData\Local\Android\Sdk;C:\Users\User\AppData\Local\Android\Sdk\platform-tools;C:\Program Files\Java\jdk1.8.0_231\bin;C:\Redis-x64-5.0.9;T:\Program Files\OpenSSL-Win64\bin;T:\Program Files (x86)\AOMEI\AOMEI Backupper 5.7.0;T:\Program Files (x86)\AOMEI;T:\emsdk\upstream\emscripten;C:\Program Files\CMake\bin;C:\Program Files\mingw-w64\x86_64-8.1.;C:\nvm-noinstall;C:\nvm;C:\Program Files\nodejs;C:\Python27;T:\Program Files (x86)\Python\Python37;T:\mysql-5.7.33-winx64\bin;T:\Redis\;T:\Program Files (x86)\Git\cmd;T:\went\cocos2d-x-3.17.2\templates;T:\went\cocos2d-x-3.17.2\tools\cocos2d-console\bin;C:\Users\User\AppData\Local\Microsoft\WindowsApps;C:\Users\User\AppData\Roaming\npm;C:\Users\User\AppData\Local\GitHubDesktop\bin;C:\Program Files (x86)\Egret\Egret Wing 3\bin;T:\Program Files (x86)\Python\Python37\Scripts\;C:\Program Files\Java\jre1.8.0_241\bin;C:\Program Files\Docker Toolbox;C:\nvm;C:\Program Files\nodejs;C:\Python27;T:\Program Files (x86)\Python\Python37\Scripts\;T:\Program Files (x86)\Python\Python37;T:\Program Files (x86)\Git\bin;C:\Users\User\AppData\Local\Programs\Microsoft VS Code\bin

Yarn version: 
  1.17.3

Node version: 
  14.17.0

Platform: 
  win32 x64

Trace: 
  Error: canceled
      at Interface.<anonymous> (C:\Users\User\AppData\Roaming\npm\node_modules\yarn\lib\cli.js:136724:13)
      at Interface.emit (events.js:376:20)
      at Interface._ttyWrite (readline.js:880:16)
      at ReadStream.onkeypress (readline.js:213:10)
      at ReadStream.emit (events.js:376:20)
      at emitKeys (internal/readline/utils.js:345:14)
      at emitKeys.next (<anonymous>)
      at ReadStream.onData (readline.js:1149:36)
      at ReadStream.emit (events.js:376:20)
      at addChunk (internal/streams/readable.js:309:12)

npm manifest: 
  No manifest

yarn manifest: 
  No manifest

Lockfile: 
  No lockfile
